Copyright 1986-2022 Xilinx, Inc. All Rights Reserved. Copyright 2022-2023 Advanced Micro Devices, Inc. All Rights Reserved.
---------------------------------------------------------------------------------------------------------------------------------------------
| Tool Version : Vivado v.2023.2 (lin64) Build 4029153 Fri Oct 13 20:13:54 MDT 2023
| Date         : Sat Jan 11 16:35:57 2025
| Host         : ensc-rcl-2 running 64-bit Ubuntu 18.04.2 LTS
| Command      : report_utilization -file full_util_routed.rpt -pb full_util_routed.pb
| Design       : level0_wrapper
| Device       : xcu50-fsvh2104-2-e
| Speed File   : -2
| Design State : Routed
---------------------------------------------------------------------------------------------------------------------------------------------

Utilization Design Information

Table of Contents
-----------------
1. CLB Logic
1.1 Summary of Registers by Type
2. CLB Logic Distribution
3. BLOCKRAM
4. ARITHMETIC
5. I/O
6. CLOCK
7. ADVANCED
8. CONFIGURATION
9. Primitives
10. Black Boxes
11. Instantiated Netlists
12. SLR Connectivity
13. SLR Connectivity Matrix
14. SLR CLB Logic and Dedicated Block Utilization
15. SLR IO Utilization

1. CLB Logic
------------

+----------------------------+--------+--------+------------+-----------+-------+
|          Site Type         |  Used  |  Fixed | Prohibited | Available | Util% |
+----------------------------+--------+--------+------------+-----------+-------+
| CLB LUTs                   | 577813 | 112760 |        960 |    870720 | 66.36 |
|   LUT as Logic             | 424478 | 104363 |        960 |    870720 | 48.75 |
|   LUT as Memory            | 153335 |   8397 |        480 |    402720 | 38.07 |
|     LUT as Distributed RAM |  25856 |   4560 |            |           |       |
|     LUT as Shift Register  | 127479 |   3837 |            |           |       |
| CLB Registers              | 603117 | 142875 |          0 |   1743360 | 34.60 |
|   Register as Flip Flop    | 602896 | 142871 |          0 |   1743360 | 34.58 |
|   Register as Latch        |    217 |      0 |          0 |   1743360 |  0.01 |
|   Register as AND/OR       |      4 |      4 |          0 |   1743360 | <0.01 |
| CARRY8                     |  12026 |    946 |        120 |    108840 | 11.05 |
| F7 Muxes                   |  37054 |   1789 |        480 |    435360 |  8.51 |
| F8 Muxes                   |   2320 |    464 |        240 |    217680 |  1.07 |
| F9 Muxes                   |      0 |      0 |        120 |    108840 |  0.00 |
+----------------------------+--------+--------+------------+-----------+-------+
* Warning! LUT value is adjusted to account for LUT combining.


1.1 Summary of Registers by Type
--------------------------------

+--------+--------------+-------------+--------------+
|  Total | Clock Enable | Synchronous | Asynchronous |
+--------+--------------+-------------+--------------+
| 4      |            _ |           - |            - |
| 0      |            _ |           - |          Set |
| 0      |            _ |           - |        Reset |
| 0      |            _ |         Set |            - |
| 0      |            _ |       Reset |            - |
| 0      |          Yes |           - |            - |
| 389    |          Yes |           - |          Set |
| 5108   |          Yes |           - |        Reset |
| 17128  |          Yes |         Set |            - |
| 580488 |          Yes |       Reset |            - |
+--------+--------------+-------------+--------------+


2. CLB Logic Distribution
-------------------------

+--------------------------------------------+--------+--------+------------+-----------+-------+
|                  Site Type                 |  Used  |  Fixed | Prohibited | Available | Util% |
+--------------------------------------------+--------+--------+------------+-----------+-------+
| CLB                                        | 103905 |      0 |        120 |    108840 | 95.47 |
|   CLBL                                     |  55269 |      0 |            |           |       |
|   CLBM                                     |  48636 |      0 |            |           |       |
| LUT as Logic                               | 424478 | 104363 |        960 |    870720 | 48.75 |
|   using O5 output only                     |   7267 |        |            |           |       |
|   using O6 output only                     | 242989 |        |            |           |       |
|   using O5 and O6                          | 174222 |        |            |           |       |
| LUT as Memory                              | 153335 |   8397 |        480 |    402720 | 38.07 |
|   LUT as Distributed RAM                   |  25856 |   4560 |            |           |       |
|     using O5 output only                   |      0 |        |            |           |       |
|     using O6 output only                   |    710 |        |            |           |       |
|     using O5 and O6                        |  25146 |        |            |           |       |
|   LUT as Shift Register                    | 127479 |   3837 |            |           |       |
|     using O5 output only                   |      0 |        |            |           |       |
|     using O6 output only                   |  80434 |        |            |           |       |
|     using O5 and O6                        |  47045 |        |            |           |       |
| CLB Registers                              | 603117 |      0 |          0 |   1743360 | 34.60 |
|   Register driven from within the CLB      | 293840 |        |            |           |       |
|   Register driven from outside the CLB     | 309277 |        |            |           |       |
|     LUT in front of the register is unused | 182896 |        |            |           |       |
|     LUT in front of the register is used   | 126381 |        |            |           |       |
| Unique Control Sets                        |  21035 |        |        240 |    217680 |  9.66 |
+--------------------------------------------+--------+--------+------------+-----------+-------+
* * Note: Available Control Sets calculated as Slices * 2, Review the Control Sets Report for more information regarding control sets.


3. BLOCKRAM
-----------

+-------------------+-------+-------+------------+-----------+-------+
|     Site Type     |  Used | Fixed | Prohibited | Available | Util% |
+-------------------+-------+-------+------------+-----------+-------+
| Block RAM Tile    | 695.5 |     0 |          0 |      1344 | 51.75 |
|   RAMB36/FIFO*    |   693 |   177 |          0 |      1344 | 51.56 |
|     RAMB36E2 only |   693 |       |            |           |       |
|   RAMB18          |     5 |     5 |          0 |      2688 |  0.19 |
|     RAMB18E2 only |     5 |       |            |           |       |
| URAM              |   260 |     4 |          0 |       640 | 40.63 |
+-------------------+-------+-------+------------+-----------+-------+
* Note: Each Block RAM Tile only has one FIFO logic available and therefore can accommodate only one FIFO36E2 or one FIFO18E2. However, if a FIFO18E2 occupies a Block RAM Tile, that tile can still accommodate a RAMB18E2


4. ARITHMETIC
-------------

+----------------+------+-------+------------+-----------+-------+
|    Site Type   | Used | Fixed | Prohibited | Available | Util% |
+----------------+------+-------+------------+-----------+-------+
| DSPs           | 1805 |     4 |          0 |      5952 | 30.33 |
|   DSP48E2 only | 1805 |       |            |           |       |
+----------------+------+-------+------------+-----------+-------+


5. I/O
------

+------------------+------+-------+------------+-----------+-------+
|     Site Type    | Used | Fixed | Prohibited | Available | Util% |
+------------------+------+-------+------------+-----------+-------+
| Bonded IOB       |   10 |    10 |          0 |       416 |  2.40 |
| HPIOB_M          |    4 |     4 |          0 |       192 |  2.08 |
|   INPUT          |    3 |       |            |           |       |
|   OUTPUT         |    1 |       |            |           |       |
|   BIDIR          |    0 |       |            |           |       |
| HPIOB_S          |    5 |     5 |          0 |       192 |  2.60 |
|   INPUT          |    3 |       |            |           |       |
|   OUTPUT         |    2 |       |            |           |       |
|   BIDIR          |    0 |       |            |           |       |
| HPIOB_SNGL       |    1 |     1 |          0 |        32 |  3.13 |
|   INPUT          |    1 |       |            |           |       |
|   OUTPUT         |    0 |       |            |           |       |
|   BIDIR          |    0 |       |            |           |       |
| HPIOBDIFFINBUF   |    1 |     1 |          0 |       192 |  0.52 |
|   DIFFINBUF      |    1 |     1 |            |           |       |
| HPIOBDIFFOUTBUF  |    0 |     0 |          0 |       192 |  0.00 |
| BITSLICE_CONTROL |    0 |     0 |          0 |        64 |  0.00 |
| BITSLICE_RX_TX   |    0 |     0 |          0 |      2496 |  0.00 |
| BITSLICE_TX      |    0 |     0 |          0 |        64 |  0.00 |
| RIU_OR           |    0 |     0 |          0 |        32 |  0.00 |
+------------------+------+-------+------------+-----------+-------+


6. CLOCK
--------

+----------------------+------+-------+------------+-----------+-------+
|       Site Type      | Used | Fixed | Prohibited | Available | Util% |
+----------------------+------+-------+------------+-----------+-------+
| GLOBAL CLOCK BUFFERs |   39 |    31 |          0 |       672 |  5.80 |
|   BUFGCE             |   14 |     6 |          0 |       192 |  7.29 |
|   BUFGCE_DIV         |    1 |     1 |          0 |        32 |  3.13 |
|   BUFG_GT            |   22 |    22 |          0 |       384 |  5.73 |
|   BUFGCTRL*          |    1 |     1 |          0 |        64 |  1.56 |
| PLL                  |    1 |     1 |          0 |        16 |  6.25 |
| MMCM                 |    3 |     1 |          0 |         8 | 37.50 |
+----------------------+------+-------+------------+-----------+-------+
* Note: Each used BUFGCTRL counts as two GLOBAL CLOCK BUFFERs. This table does not include global clocking resources, only buffer cell usage. See the Clock Utilization Report (report_clock_utilization) for detailed accounting of global clocking resource availability.


7. ADVANCED
-----------

+----------------------+------+-------+------------+-----------+--------+
|       Site Type      | Used | Fixed | Prohibited | Available |  Util% |
+----------------------+------+-------+------------+-----------+--------+
| CMACE4               |    0 |     0 |          0 |         5 |   0.00 |
| GTYE4_CHANNEL        |   16 |    16 |          0 |        20 |  80.00 |
| GTYE4_COMMON         |    4 |     4 |          0 |         5 |  80.00 |
| HBM_REF_CLK          |    2 |     2 |          0 |         2 | 100.00 |
| HBM_SNGLBLI_INTF_APB |    2 |     2 |          0 |        32 |   6.25 |
| HBM_SNGLBLI_INTF_AXI |   32 |    32 |          0 |        32 | 100.00 |
| ILKNE4               |    0 |     0 |          0 |         2 |   0.00 |
| OBUFDS_GTE4          |    0 |     0 |          0 |        10 |   0.00 |
| OBUFDS_GTE4_ADV      |    0 |     0 |          0 |        10 |   0.00 |
| PCIE40E4             |    0 |     0 |          0 |         1 |   0.00 |
| PCIE4CE4             |    1 |     1 |          0 |         4 |  25.00 |
| SYSMONE4             |    0 |     0 |          0 |         2 |   0.00 |
+----------------------+------+-------+------------+-----------+--------+


8. CONFIGURATION
----------------

+-------------+------+-------+------------+-----------+-------+
|  Site Type  | Used | Fixed | Prohibited | Available | Util% |
+-------------+------+-------+------------+-----------+-------+
| BSCANE2     |    1 |     1 |          0 |         8 | 12.50 |
| DNA_PORTE2  |    0 |     0 |          0 |         2 |  0.00 |
| EFUSE_USR   |    0 |     0 |          0 |         2 |  0.00 |
| FRAME_ECCE4 |    0 |     0 |          0 |         2 |  0.00 |
| ICAPE3      |    1 |     1 |          0 |         4 | 25.00 |
| MASTER_JTAG |    0 |     0 |          0 |         2 |  0.00 |
| STARTUPE3   |    1 |     1 |          0 |         2 | 50.00 |
+-------------+------+-------+------------+-----------+-------+


9. Primitives
-------------

+----------------------+--------+---------------------+
|       Ref Name       |  Used  | Functional Category |
+----------------------+--------+---------------------+
| FDRE                 | 580488 |            Register |
| LUT3                 | 167576 |                 CLB |
| LUT2                 | 133764 |                 CLB |
| LUT6                 | 110499 |                 CLB |
| LUT4                 | 110132 |                 CLB |
| SRL16E               | 106449 |                 CLB |
| SRLC32E              |  68061 |                 CLB |
| LUT5                 |  63257 |                 CLB |
| RAMD32               |  44104 |                 CLB |
| MUXF7                |  37054 |                 CLB |
| FDSE                 |  17128 |            Register |
| LUT1                 |  13472 |                 CLB |
| CARRY8               |  12026 |                 CLB |
| RAMS32               |   6330 |                 CLB |
| FDCE                 |   4891 |            Register |
| MUXF8                |   2320 |                 CLB |
| DSP48E2              |   1805 |          Arithmetic |
| RAMB36E2             |    693 |            BLOCKRAM |
| RAMD64E              |    528 |                 CLB |
| FDPE                 |    389 |            Register |
| URAM288              |    260 |            BLOCKRAM |
| LDCE                 |    217 |            Register |
| RAMS64E              |     40 |                 CLB |
| HBM_SNGLBLI_INTF_AXI |     32 |            Advanced |
| BUFG_GT              |     22 |               Clock |
| BUFG_GT_SYNC         |     17 |               Clock |
| GTYE4_CHANNEL        |     16 |            Advanced |
| SRLC16E              |     14 |                 CLB |
| BUFGCE               |     14 |               Clock |
| IBUFCTRL             |      6 |              Others |
| RAMB18E2             |      5 |            BLOCKRAM |
| INBUF                |      5 |                 I/O |
| GTYE4_COMMON         |      4 |            Advanced |
| AND2B1L              |      4 |              Others |
| OBUF                 |      3 |                 I/O |
| MMCME4_ADV           |      3 |               Clock |
| HBM_SNGLBLI_INTF_APB |      2 |            Advanced |
| HBM_REF_CLK          |      2 |            Advanced |
| STARTUPE3            |      1 |       Configuration |
| PLLE4_ADV            |      1 |               Clock |
| PCIE4CE4             |      1 |            Advanced |
| ICAPE3               |      1 |       Configuration |
| IBUFDS_GTE4          |      1 |                 I/O |
| DIFFINBUF            |      1 |                 I/O |
| BUFGCTRL             |      1 |               Clock |
| BUFGCE_DIV           |      1 |               Clock |
| BSCANE2              |      1 |       Configuration |
+----------------------+--------+---------------------+


10. Black Boxes
---------------

+----------+------+
| Ref Name | Used |
+----------+------+


11. Instantiated Netlists
-------------------------

+------------------------------------------------+------+
|                    Ref Name                    | Used |
+------------------------------------------------+------+
| xsdbm                                          |    1 |
| ulp_xbar_3                                     |    1 |
| ulp_xbar_2                                     |    1 |
| ulp_ulp_ucs_0                                  |    1 |
| ulp_ulp_cmp_0                                  |    1 |
| ulp_s00_regslice_13                            |    1 |
| ulp_s00_regslice_12                            |    1 |
| ulp_regslice_control_userpf_1                  |    1 |
| ulp_regslice_control_userpf_0                  |    1 |
| ulp_proc_sys_reset_kernel_slr0_0               |    1 |
| ulp_proc_sys_reset_ctrl_slr1_0                 |    1 |
| ulp_proc_sys_reset_ctrl_slr0_0                 |    1 |
| ulp_m01_regslice_0                             |    1 |
| ulp_m00_regslice_0                             |    1 |
| ulp_ii_level0_wire_0                           |    1 |
| ulp_hmss_0_0                                   |    1 |
| ulp_axi_vip_data_0                             |    1 |
| ulp_axi_vip_ctrl_userpf_1                      |    1 |
| ulp_axi_vip_ctrl_userpf_0                      |    1 |
| ulp_axi_regslice_0                             |    1 |
| ulp_axi_gpio_null_1                            |    1 |
| ulp_axi_gpio_null_0                            |    1 |
| ulp_auto_cc_2                                  |    1 |
| ulp_auto_cc_1                                  |    1 |
| ulp_auto_cc_0                                  |    1 |
| ulp_SpMV_0                                     |    1 |
| ulp                                            |    1 |
| level0_ii_level0_pipe_0                        |    1 |
| blp_wrapper                                    |    1 |
| bd_85ad_vip_S25_0                              |    1 |
| bd_85ad_vip_S24_0                              |    1 |
| bd_85ad_vip_S23_0                              |    1 |
| bd_85ad_vip_S22_0                              |    1 |
| bd_85ad_vip_S21_0                              |    1 |
| bd_85ad_vip_S20_0                              |    1 |
| bd_85ad_vip_S19_0                              |    1 |
| bd_85ad_vip_S18_0                              |    1 |
| bd_85ad_vip_S17_0                              |    1 |
| bd_85ad_vip_S16_0                              |    1 |
| bd_85ad_vip_S15_0                              |    1 |
| bd_85ad_vip_S14_0                              |    1 |
| bd_85ad_vip_S13_0                              |    1 |
| bd_85ad_vip_S12_0                              |    1 |
| bd_85ad_vip_S11_0                              |    1 |
| bd_85ad_vip_S10_0                              |    1 |
| bd_85ad_vip_S09_0                              |    1 |
| bd_85ad_vip_S08_0                              |    1 |
| bd_85ad_vip_S07_0                              |    1 |
| bd_85ad_vip_S06_0                              |    1 |
| bd_85ad_vip_S05_0                              |    1 |
| bd_85ad_vip_S04_0                              |    1 |
| bd_85ad_vip_S03_0                              |    1 |
| bd_85ad_vip_S02_0                              |    1 |
| bd_85ad_vip_S01_0                              |    1 |
| bd_85ad_vip_S00_0                              |    1 |
| bd_85ad_util_vector_logic_0                    |    1 |
| bd_85ad_slice9_6_0                             |    1 |
| bd_85ad_slice8_5_0                             |    1 |
| bd_85ad_slice7_4_0                             |    1 |
| bd_85ad_slice6_3_0                             |    1 |
| bd_85ad_slice5_2_0                             |    1 |
| bd_85ad_slice4_1_0                             |    1 |
| bd_85ad_slice3_0_0                             |    1 |
| bd_85ad_slice2_17_0                            |    1 |
| bd_85ad_slice25_24_0                           |    1 |
| bd_85ad_slice24_23_0                           |    1 |
| bd_85ad_slice23_15_0                           |    1 |
| bd_85ad_slice22_14_0                           |    1 |
| bd_85ad_slice21_13_0                           |    1 |
| bd_85ad_slice20_12_0                           |    1 |
| bd_85ad_slice1_16_0                            |    1 |
| bd_85ad_slice19_11_0                           |    1 |
| bd_85ad_slice18_10_0                           |    1 |
| bd_85ad_slice17_19_0                           |    1 |
| bd_85ad_slice16_22_0                           |    1 |
| bd_85ad_slice15_21_0                           |    1 |
| bd_85ad_slice14_20_0                           |    1 |
| bd_85ad_slice13_18_0                           |    1 |
| bd_85ad_slice12_9_0                            |    1 |
| bd_85ad_slice11_8_0                            |    1 |
| bd_85ad_slice10_7_0                            |    1 |
| bd_85ad_slice0_26_0                            |    1 |
| bd_85ad_interconnect9_6_0                      |    1 |
| bd_85ad_interconnect8_5_0                      |    1 |
| bd_85ad_interconnect7_4_0                      |    1 |
| bd_85ad_interconnect6_3_0                      |    1 |
| bd_85ad_interconnect5_2_0                      |    1 |
| bd_85ad_interconnect4_1_0                      |    1 |
| bd_85ad_interconnect3_0_0                      |    1 |
| bd_85ad_interconnect2_17_0                     |    1 |
| bd_85ad_interconnect25_24_0                    |    1 |
| bd_85ad_interconnect24_23_0                    |    1 |
| bd_85ad_interconnect23_15_0                    |    1 |
| bd_85ad_interconnect22_14_0                    |    1 |
| bd_85ad_interconnect21_13_0                    |    1 |
| bd_85ad_interconnect20_12_0                    |    1 |
| bd_85ad_interconnect1_16_0                     |    1 |
| bd_85ad_interconnect19_11_0                    |    1 |
| bd_85ad_interconnect18_10_0                    |    1 |
| bd_85ad_interconnect17_19_0                    |    1 |
| bd_85ad_interconnect16_22_0                    |    1 |
| bd_85ad_interconnect15_21_0                    |    1 |
| bd_85ad_interconnect14_20_0                    |    1 |
| bd_85ad_interconnect13_18_0                    |    1 |
| bd_85ad_interconnect12_9_0                     |    1 |
| bd_85ad_interconnect11_8_0                     |    1 |
| bd_85ad_interconnect10_7_0                     |    1 |
| bd_85ad_interconnect0_26_0                     |    1 |
| bd_85ad_init_reduce_0                          |    1 |
| bd_85ad_hbm_reset_sync_switch1_apb_low_power_0 |    1 |
| bd_85ad_hbm_reset_sync_SLR0_0                  |    1 |
| bd_85ad_hbm_inst_0                             |    1 |
| bd_85ad_axi_apb_bridge_inst_0                  |    1 |
| bd_7cf0_bsip_0                                 |    1 |
| bd_7cf0_bs_switch_1_0                          |    1 |
| bd_7cf0_axi_jtag_0                             |    1 |
| bd_58f6_xsdbm_0                                |    1 |
| bd_58f6_lut_buffer_0                           |    1 |
| bd_22c0_xbar_1                                 |    1 |
| bd_22c0_xbar_0                                 |    1 |
| bd_22c0_psreset_kernel_01_0                    |    1 |
| bd_22c0_psreset_kernel_00_0                    |    1 |
| bd_22c0_psreset_hbm_0                          |    1 |
| bd_22c0_psreset_aclk_freerun_0                 |    1 |
| bd_22c0_gpio_ucs_control_status_0              |    1 |
| bd_22c0_gpio_gapping_demand_0                  |    1 |
| bd_22c0_gapping_demand_update_0                |    1 |
| bd_22c0_gapping_demand_toggle_0                |    1 |
| bd_22c0_frequency_counter_aclk_kernel_01_0     |    1 |
| bd_22c0_frequency_counter_aclk_kernel_00_0     |    1 |
| bd_22c0_frequency_counter_aclk_hbm_0           |    1 |
| bd_22c0_frequency_counter_aclk_0               |    1 |
| bd_22c0_fanout_aresetn_pcie_slr1_4_0           |    1 |
| bd_22c0_fanout_aresetn_pcie_slr1_3_0           |    1 |
| bd_22c0_fanout_aresetn_pcie_slr1_2_0           |    1 |
| bd_22c0_fanout_aresetn_pcie_slr1_1_0           |    1 |
| bd_22c0_fanout_aresetn_pcie_slr0_4_0           |    1 |
| bd_22c0_fanout_aresetn_pcie_slr0_3_0           |    1 |
| bd_22c0_fanout_aresetn_pcie_slr0_2_0           |    1 |
| bd_22c0_fanout_aresetn_pcie_slr0_1_0           |    1 |
| bd_22c0_fanout_aresetn_kernel_01_slr1_4_0      |    1 |
| bd_22c0_fanout_aresetn_kernel_01_slr1_3_0      |    1 |
| bd_22c0_fanout_aresetn_kernel_01_slr1_2_0      |    1 |
| bd_22c0_fanout_aresetn_kernel_01_slr1_1_0      |    1 |
| bd_22c0_fanout_aresetn_kernel_01_slr0_4_0      |    1 |
| bd_22c0_fanout_aresetn_kernel_01_slr0_3_0      |    1 |
| bd_22c0_fanout_aresetn_kernel_01_slr0_2_0      |    1 |
| bd_22c0_fanout_aresetn_kernel_01_slr0_1_0      |    1 |
| bd_22c0_fanout_aresetn_kernel_00_slr1_4_0      |    1 |
| bd_22c0_fanout_aresetn_kernel_00_slr1_3_0      |    1 |
| bd_22c0_fanout_aresetn_kernel_00_slr1_2_0      |    1 |
| bd_22c0_fanout_aresetn_kernel_00_slr1_1_0      |    1 |
| bd_22c0_fanout_aresetn_kernel_00_slr0_4_0      |    1 |
| bd_22c0_fanout_aresetn_kernel_00_slr0_3_0      |    1 |
| bd_22c0_fanout_aresetn_kernel_00_slr0_2_0      |    1 |
| bd_22c0_fanout_aresetn_kernel_00_slr0_1_0      |    1 |
| bd_22c0_fanout_aresetn_hbm_0                   |    1 |
| bd_22c0_fanout_aresetn_ctrl_slr1_4_0           |    1 |
| bd_22c0_fanout_aresetn_ctrl_slr1_3_0           |    1 |
| bd_22c0_fanout_aresetn_ctrl_slr1_2_0           |    1 |
| bd_22c0_fanout_aresetn_ctrl_slr1_1_0           |    1 |
| bd_22c0_fanout_aresetn_ctrl_slr0_4_0           |    1 |
| bd_22c0_fanout_aresetn_ctrl_slr0_3_0           |    1 |
| bd_22c0_fanout_aresetn_ctrl_slr0_2_0           |    1 |
| bd_22c0_fanout_aresetn_ctrl_slr0_1_0           |    1 |
| bd_22c0_clock_throttling_avg_0                 |    1 |
| bd_22c0_clock_throttling_aclk_kernel_01_0      |    1 |
| bd_22c0_clock_throttling_aclk_kernel_00_0      |    1 |
| bd_22c0_clock_shutdown_latch_0                 |    1 |
| bd_22c0_clkwiz_hbm_0                           |    1 |
| bd_22c0_clkwiz_aclk_kernel_01_0                |    1 |
| bd_22c0_clkwiz_aclk_kernel_00_0                |    1 |
| bd_22c0_clk_hbm_adapt_0                        |    1 |
| bd_22c0_build_info_0                           |    1 |
| bd_22c0_auto_cc_0                              |    1 |
| bd_22c0_aclk_kernel_01_cont_adapt_0            |    1 |
| bd_22c0_aclk_kernel_01_adapt_0                 |    1 |
| bd_22c0_aclk_kernel_00_cont_adapt_0            |    1 |
| bd_22c0_aclk_kernel_00_adapt_0                 |    1 |
| bd_097b_user_debug_hub_0                       |    1 |
| bd_097b_user_debug_bridge_0                    |    1 |
| bd_097b_build_info_0                           |    1 |
+------------------------------------------------+------+


12. SLR Connectivity
--------------------

+----------------------------------+-------+-------+-----------+-------+
|                                  |  Used | Fixed | Available | Util% |
+----------------------------------+-------+-------+-----------+-------+
| SLR1 <-> SLR0                    | 13805 |       |     23040 | 59.92 |
|   SLR0 -> SLR1                   |  9601 |       |           | 41.67 |
|     Using TX_REG only            |     0 |     0 |           |       |
|     Using RX_REG only            |     0 |     0 |           |       |
|     Using Both TX_REG and RX_REG |     0 |     0 |           |       |
|   SLR1 -> SLR0                   |  4204 |       |           | 18.25 |
|     Using TX_REG only            |     0 |     0 |           |       |
|     Using RX_REG only            |     0 |     0 |           |       |
|     Using Both TX_REG and RX_REG |     0 |     0 |           |       |
+----------------------------------+-------+-------+-----------+-------+
| Total SLLs Used                  | 13805 |       |           |       |
+----------------------------------+-------+-------+-----------+-------+


13. SLR Connectivity Matrix
---------------------------

+-----------+------+------+
| FROM \ TO | SLR1 | SLR0 |
+-----------+------+------+
| SLR1      |    0 | 4204 |
| SLR0      | 9601 |    0 |
+-----------+------+------+


14. SLR CLB Logic and Dedicated Block Utilization
-------------------------------------------------

+----------------------------+--------+--------+--------+--------+
|          Site Type         |  SLR0  |  SLR1  | SLR0 % | SLR1 % |
+----------------------------+--------+--------+--------+--------+
| CLB                        |  52141 |  51764 |  94.87 |  95.86 |
|   CLBL                     |  27506 |  27763 |  93.94 |  94.82 |
|   CLBM                     |  24635 |  24001 |  95.93 |  97.09 |
| CLB LUTs                   | 282644 | 295169 |  64.28 |  68.33 |
|   LUT as Logic             | 201198 | 223280 |  45.76 |  51.69 |
|     using O5 output only   |   4952 |   2315 |   1.13 |   0.54 |
|     using O6 output only   | 118495 | 124494 |  26.95 |  28.82 |
|     using O5 and O6        |  77751 |  96471 |  17.68 |  22.33 |
|   LUT as Memory            |  81446 |  71889 |  39.64 |  36.35 |
|     LUT as Distributed RAM |  19822 |   6034 |   9.65 |   3.05 |
|       using O5 output only |      0 |      0 |   0.00 |   0.00 |
|       using O6 output only |    340 |    370 |   0.17 |   0.19 |
|       using O5 and O6      |  19482 |   5664 |   9.48 |   2.86 |
|     LUT as Shift Register  |  61624 |  65855 |  30.00 |  33.30 |
|       using O5 output only |      0 |      0 |   0.00 |   0.00 |
|       using O6 output only |  46965 |  33469 |  22.86 |  16.92 |
|       using O5 and O6      |  14659 |  32386 |   7.14 |  16.38 |
| CLB Registers              | 328979 | 274138 |  37.41 |  31.73 |
| CARRY8                     |   5598 |   6428 |  10.19 |  11.90 |
| F7 Muxes                   |  24314 |  12740 |  11.06 |   5.90 |
| F8 Muxes                   |    513 |   1807 |   0.47 |   1.67 |
| F9 Muxes                   |      0 |      0 |   0.00 |   0.00 |
| Block RAM Tile             |  395.5 |    300 |  58.85 |  44.64 |
|   RAMB36/FIFO              |    393 |    300 |  58.48 |  44.64 |
|   RAMB18                   |      5 |      0 |   0.37 |   0.00 |
| URAM                       |     36 |    224 |  11.25 |  70.00 |
| DSPs                       |    851 |    954 |  29.55 |  31.05 |
| Unique Control Sets        |  10506 |  10547 |   9.56 |   9.77 |
+----------------------------+--------+--------+--------+--------+
* Note: Available Control Sets based on CLB Registers / 8


15. SLR IO Utilization
----------------------

+-----------+-----------+---------+------------+----------+------------+----------+-----+
| SLR Index | Used IOBs | (%)IOBs | Used IPADs | (%)IPADs | Used OPADs | (%)OPADs | GTs |
+-----------+-----------+---------+------------+----------+------------+----------+-----+
| SLR1      |         7 |    3.37 |          0 |     0.00 |          0 |     0.00 |   0 |
| SLR0      |         3 |    1.44 |          0 |     0.00 |          0 |     0.00 |  16 |
+-----------+-----------+---------+------------+----------+------------+----------+-----+
| Total     |        10 |         |          0 |          |          0 |          |  16 |
+-----------+-----------+---------+------------+----------+------------+----------+-----+


