Copyright 1986-2022 Xilinx, Inc. All Rights Reserved. Copyright 2022-2023 Advanced Micro Devices, Inc. All Rights Reserved.
---------------------------------------------------------------------------------------------------------------------------------------------
| Tool Version : Vivado v.2023.2 (lin64) Build 4029153 Fri Oct 13 20:13:54 MDT 2023
| Date         : Sun Oct 27 08:36:29 2024
| Host         : ensc-rcl-3 running 64-bit Ubuntu 18.04.2 LTS
| Command      : report_utilization -file full_util_routed.rpt -pb full_util_routed.pb
| Design       : level0_wrapper
| Device       : xcu280-fsvh2892-2L-e
| Speed File   : -2L
| Design State : Routed
---------------------------------------------------------------------------------------------------------------------------------------------

Utilization Design Information

Table of Contents
-----------------
1. CLB Logic
1.1 Summary of Registers by Type
2. CLB Logic Distribution
3. BLOCKRAM
4. ARITHMETIC
5. I/O
6. CLOCK
7. ADVANCED
8. CONFIGURATION
9. Primitives
10. Black Boxes
11. Instantiated Netlists
12. SLR Connectivity
13. SLR Connectivity Matrix
14. SLR CLB Logic and Dedicated Block Utilization
15. SLR IO Utilization

1. CLB Logic
------------

+----------------------------+--------+--------+------------+-----------+-------+
|          Site Type         |  Used  |  Fixed | Prohibited | Available | Util% |
+----------------------------+--------+--------+------------+-----------+-------+
| CLB LUTs                   | 705679 | 107629 |          0 |   1303680 | 54.13 |
|   LUT as Logic             | 511768 | 101652 |          0 |   1303680 | 39.26 |
|   LUT as Memory            | 193911 |   5977 |          0 |    600960 | 32.27 |
|     LUT as Distributed RAM |  30088 |   4564 |            |           |       |
|     LUT as Shift Register  | 163823 |   1413 |            |           |       |
| CLB Registers              | 735008 | 136086 |          0 |   2607360 | 28.19 |
|   Register as Flip Flop    | 734689 | 136082 |          0 |   2607360 | 28.18 |
|   Register as Latch        |    315 |      0 |          0 |   2607360 |  0.01 |
|   Register as AND/OR       |      4 |      4 |          0 |   2607360 | <0.01 |
| CARRY8                     |  14798 |    946 |          0 |    162960 |  9.08 |
| F7 Muxes                   |  47602 |   1683 |          0 |    651840 |  7.30 |
| F8 Muxes                   |   6478 |    446 |          0 |    325920 |  1.99 |
| F9 Muxes                   |      0 |      0 |          0 |    162960 |  0.00 |
+----------------------------+--------+--------+------------+-----------+-------+
* Warning! LUT value is adjusted to account for LUT combining.


1.1 Summary of Registers by Type
--------------------------------

+--------+--------------+-------------+--------------+
|  Total | Clock Enable | Synchronous | Asynchronous |
+--------+--------------+-------------+--------------+
| 4      |            _ |           - |            - |
| 0      |            _ |           - |          Set |
| 0      |            _ |           - |        Reset |
| 0      |            _ |         Set |            - |
| 0      |            _ |       Reset |            - |
| 0      |          Yes |           - |            - |
| 401    |          Yes |           - |          Set |
| 5324   |          Yes |           - |        Reset |
| 22110  |          Yes |         Set |            - |
| 707169 |          Yes |       Reset |            - |
+--------+--------------+-------------+--------------+


2. CLB Logic Distribution
-------------------------

+--------------------------------------------+--------+--------+------------+-----------+-------+
|                  Site Type                 |  Used  |  Fixed | Prohibited | Available | Util% |
+--------------------------------------------+--------+--------+------------+-----------+-------+
| CLB                                        | 136989 |      0 |          0 |    162960 | 84.06 |
|   CLBL                                     |  72430 |      0 |            |           |       |
|   CLBM                                     |  64559 |      0 |            |           |       |
| LUT as Logic                               | 511768 | 101652 |          0 |   1303680 | 39.26 |
|   using O5 output only                     |   8143 |        |            |           |       |
|   using O6 output only                     | 273158 |        |            |           |       |
|   using O5 and O6                          | 230467 |        |            |           |       |
| LUT as Memory                              | 193911 |   5977 |          0 |    600960 | 32.27 |
|   LUT as Distributed RAM                   |  30088 |   4564 |            |           |       |
|     using O5 output only                   |      0 |        |            |           |       |
|     using O6 output only                   |    730 |        |            |           |       |
|     using O5 and O6                        |  29358 |        |            |           |       |
|   LUT as Shift Register                    | 163823 |   1413 |            |           |       |
|     using O5 output only                   |      0 |        |            |           |       |
|     using O6 output only                   | 103771 |        |            |           |       |
|     using O5 and O6                        |  60052 |        |            |           |       |
| CLB Registers                              | 735008 |      0 |          0 |   2607360 | 28.19 |
|   Register driven from within the CLB      | 346226 |        |            |           |       |
|   Register driven from outside the CLB     | 388782 |        |            |           |       |
|     LUT in front of the register is unused | 255096 |        |            |           |       |
|     LUT in front of the register is used   | 133686 |        |            |           |       |
| Unique Control Sets                        |  25657 |        |          0 |    325920 |  7.87 |
+--------------------------------------------+--------+--------+------------+-----------+-------+
* * Note: Available Control Sets calculated as Slices * 2, Review the Control Sets Report for more information regarding control sets.


3. BLOCKRAM
-----------

+-------------------+-------+-------+------------+-----------+-------+
|     Site Type     |  Used | Fixed | Prohibited | Available | Util% |
+-------------------+-------+-------+------------+-----------+-------+
| Block RAM Tile    | 967.5 |     0 |          0 |      2016 | 47.99 |
|   RAMB36/FIFO*    |   965 |   193 |          0 |      2016 | 47.87 |
|     RAMB36E2 only |   965 |       |            |           |       |
|   RAMB18          |     5 |     5 |          0 |      4032 |  0.12 |
|     RAMB18E2 only |     5 |       |            |           |       |
| URAM              |   384 |     0 |          0 |       960 | 40.00 |
+-------------------+-------+-------+------------+-----------+-------+
* Note: Each Block RAM Tile only has one FIFO logic available and therefore can accommodate only one FIFO36E2 or one FIFO18E2. However, if a FIFO18E2 occupies a Block RAM Tile, that tile can still accommodate a RAMB18E2


4. ARITHMETIC
-------------

+----------------+------+-------+------------+-----------+-------+
|    Site Type   | Used | Fixed | Prohibited | Available | Util% |
+----------------+------+-------+------------+-----------+-------+
| DSPs           | 2055 |     4 |          0 |      9024 | 22.77 |
|   DSP48E2 only | 2055 |       |            |           |       |
+----------------+------+-------+------------+-----------+-------+


5. I/O
------

+------------------+------+-------+------------+-----------+-------+
|     Site Type    | Used | Fixed | Prohibited | Available | Util% |
+------------------+------+-------+------------+-----------+-------+
| Bonded IOB       |   16 |    16 |          0 |       624 |  2.56 |
| HPIOB_M          |    6 |     6 |          0 |       288 |  2.08 |
|   INPUT          |    4 |       |            |           |       |
|   OUTPUT         |    2 |       |            |           |       |
|   BIDIR          |    0 |       |            |           |       |
| HPIOB_S          |    8 |     8 |          0 |       288 |  2.78 |
|   INPUT          |    4 |       |            |           |       |
|   OUTPUT         |    4 |       |            |           |       |
|   BIDIR          |    0 |       |            |           |       |
| HPIOB_SNGL       |    2 |     2 |          0 |        48 |  4.17 |
|   INPUT          |    1 |       |            |           |       |
|   OUTPUT         |    1 |       |            |           |       |
|   BIDIR          |    0 |       |            |           |       |
| HPIOBDIFFINBUF   |    1 |     1 |          0 |       288 |  0.35 |
|   DIFFINBUF      |    1 |     1 |            |           |       |
| HPIOBDIFFOUTBUF  |    0 |     0 |          0 |       288 |  0.00 |
| BITSLICE_CONTROL |    0 |     0 |          0 |        96 |  0.00 |
| BITSLICE_RX_TX   |    0 |     0 |          0 |      3744 |  0.00 |
| BITSLICE_TX      |    0 |     0 |          0 |        96 |  0.00 |
| RIU_OR           |    0 |     0 |          0 |        48 |  0.00 |
+------------------+------+-------+------------+-----------+-------+


6. CLOCK
--------

+----------------------+------+-------+------------+-----------+-------+
|       Site Type      | Used | Fixed | Prohibited | Available | Util% |
+----------------------+------+-------+------------+-----------+-------+
| GLOBAL CLOCK BUFFERs |   45 |    32 |          0 |      1008 |  4.46 |
|   BUFGCE             |   18 |     5 |          0 |       288 |  6.25 |
|   BUFGCE_DIV         |    1 |     1 |          0 |        48 |  2.08 |
|   BUFG_GT            |   22 |    22 |          0 |       576 |  3.82 |
|   BUFGCTRL*          |    2 |     2 |          0 |        96 |  2.08 |
| PLL                  |    1 |     1 |          0 |        24 |  4.17 |
| MMCM                 |    3 |     1 |          0 |        12 | 25.00 |
+----------------------+------+-------+------------+-----------+-------+
* Note: Each used BUFGCTRL counts as two GLOBAL CLOCK BUFFERs. This table does not include global clocking resources, only buffer cell usage. See the Clock Utilization Report (report_clock_utilization) for detailed accounting of global clocking resource availability.


7. ADVANCED
-----------

+----------------------+------+-------+------------+-----------+--------+
|       Site Type      | Used | Fixed | Prohibited | Available |  Util% |
+----------------------+------+-------+------------+-----------+--------+
| CMACE4               |    0 |     0 |          0 |         8 |   0.00 |
| GTYE4_CHANNEL        |   16 |    16 |          0 |        24 |  66.67 |
| GTYE4_COMMON         |    4 |     4 |          0 |         6 |  66.67 |
| HBM_REF_CLK          |    2 |     2 |          0 |         2 | 100.00 |
| HBM_SNGLBLI_INTF_APB |    2 |     2 |          0 |        32 |   6.25 |
| HBM_SNGLBLI_INTF_AXI |   32 |    32 |          0 |        32 | 100.00 |
| ILKNE4               |    0 |     0 |          0 |         4 |   0.00 |
| OBUFDS_GTE4          |    0 |     0 |          0 |        12 |   0.00 |
| OBUFDS_GTE4_ADV      |    0 |     0 |          0 |        12 |   0.00 |
| PCIE40E4             |    0 |     0 |          0 |         2 |   0.00 |
| PCIE4CE4             |    1 |     1 |          0 |         4 |  25.00 |
| SYSMONE4             |    0 |     0 |          0 |         3 |   0.00 |
+----------------------+------+-------+------------+-----------+--------+


8. CONFIGURATION
----------------

+-------------+------+-------+------------+-----------+-------+
|  Site Type  | Used | Fixed | Prohibited | Available | Util% |
+-------------+------+-------+------------+-----------+-------+
| BSCANE2     |    1 |     1 |          0 |        12 |  8.33 |
| DNA_PORTE2  |    0 |     0 |          0 |         3 |  0.00 |
| EFUSE_USR   |    0 |     0 |          0 |         3 |  0.00 |
| FRAME_ECCE4 |    0 |     0 |          0 |         3 |  0.00 |
| ICAPE3      |    1 |     1 |          0 |         6 | 16.67 |
| MASTER_JTAG |    0 |     0 |          0 |         3 |  0.00 |
| STARTUPE3   |    1 |     1 |          0 |         3 | 33.33 |
+-------------+------+-------+------------+-----------+-------+


9. Primitives
-------------

+----------------------+--------+---------------------+
|       Ref Name       |  Used  | Functional Category |
+----------------------+--------+---------------------+
| FDRE                 | 707169 |            Register |
| LUT3                 | 206927 |                 CLB |
| LUT2                 | 182509 |                 CLB |
| LUT4                 | 137339 |                 CLB |
| SRL16E               | 132761 |                 CLB |
| LUT6                 | 128075 |                 CLB |
| SRLC32E              |  91100 |                 CLB |
| LUT5                 |  70416 |                 CLB |
| RAMD32               |  51462 |                 CLB |
| MUXF7                |  47602 |                 CLB |
| FDSE                 |  22110 |            Register |
| LUT1                 |  16969 |                 CLB |
| CARRY8               |  14798 |                 CLB |
| RAMS32               |   7416 |                 CLB |
| MUXF8                |   6478 |                 CLB |
| FDCE                 |   5009 |            Register |
| DSP48E2              |   2055 |          Arithmetic |
| RAMB36E2             |    965 |            BLOCKRAM |
| RAMD64E              |    528 |                 CLB |
| FDPE                 |    401 |            Register |
| URAM288              |    384 |            BLOCKRAM |
| LDCE                 |    315 |            Register |
| RAMS64E              |     40 |                 CLB |
| HBM_SNGLBLI_INTF_AXI |     32 |            Advanced |
| BUFG_GT              |     22 |               Clock |
| BUFGCE               |     18 |               Clock |
| BUFG_GT_SYNC         |     17 |               Clock |
| GTYE4_CHANNEL        |     16 |            Advanced |
| SRLC16E              |     14 |                 CLB |
| IBUFCTRL             |      8 |              Others |
| OBUF                 |      7 |                 I/O |
| INBUF                |      7 |                 I/O |
| RAMB18E2             |      5 |            BLOCKRAM |
| GTYE4_COMMON         |      4 |            Advanced |
| AND2B1L              |      4 |              Others |
| MMCME4_ADV           |      3 |               Clock |
| HBM_SNGLBLI_INTF_APB |      2 |            Advanced |
| HBM_REF_CLK          |      2 |            Advanced |
| BUFGCTRL             |      2 |               Clock |
| STARTUPE3            |      1 |       Configuration |
| PLLE4_ADV            |      1 |               Clock |
| PCIE4CE4             |      1 |            Advanced |
| ICAPE3               |      1 |       Configuration |
| IBUFDS_GTE4          |      1 |                 I/O |
| DIFFINBUF            |      1 |                 I/O |
| BUFGCE_DIV           |      1 |               Clock |
| BSCANE2              |      1 |       Configuration |
+----------------------+--------+---------------------+


10. Black Boxes
---------------

+----------+------+
| Ref Name | Used |
+----------+------+


11. Instantiated Netlists
-------------------------

+--------------------------------------------+------+
|                  Ref Name                  | Used |
+--------------------------------------------+------+
| xsdbm                                      |    1 |
| ulp_xbar_3                                 |    1 |
| ulp_xbar_2                                 |    1 |
| ulp_ulp_ucs_0                              |    1 |
| ulp_ulp_cmp_0                              |    1 |
| ulp_s00_regslice_20                        |    1 |
| ulp_s00_regslice_19                        |    1 |
| ulp_s00_regslice_18                        |    1 |
| ulp_regslice_control_userpf_2              |    1 |
| ulp_regslice_control_userpf_1              |    1 |
| ulp_regslice_control_userpf_0              |    1 |
| ulp_proc_sys_reset_kernel_slr0_0           |    1 |
| ulp_proc_sys_reset_ctrl_slr2_0             |    1 |
| ulp_proc_sys_reset_ctrl_slr1_0             |    1 |
| ulp_proc_sys_reset_ctrl_slr0_0             |    1 |
| ulp_m01_regslice_0                         |    1 |
| ulp_m00_regslice_0                         |    1 |
| ulp_ii_level0_wire_0                       |    1 |
| ulp_hmss_0_0                               |    1 |
| ulp_axi_vip_data_0                         |    1 |
| ulp_axi_vip_ctrl_userpf_2                  |    1 |
| ulp_axi_vip_ctrl_userpf_1                  |    1 |
| ulp_axi_vip_ctrl_userpf_0                  |    1 |
| ulp_axi_gpio_null_2                        |    1 |
| ulp_axi_gpio_null_1                        |    1 |
| ulp_axi_gpio_null_0                        |    1 |
| ulp_auto_cc_3                              |    1 |
| ulp_auto_cc_2                              |    1 |
| ulp_auto_cc_1                              |    1 |
| ulp_auto_cc_0                              |    1 |
| ulp_SpMV_0                                 |    1 |
| ulp                                        |    1 |
| level0_ii_level0_pipe_0                    |    1 |
| blp_wrapper                                |    1 |
| bd_85ad_vip_S27_0                          |    1 |
| bd_85ad_vip_S26_0                          |    1 |
| bd_85ad_vip_S25_0                          |    1 |
| bd_85ad_vip_S24_0                          |    1 |
| bd_85ad_vip_S23_0                          |    1 |
| bd_85ad_vip_S22_0                          |    1 |
| bd_85ad_vip_S21_0                          |    1 |
| bd_85ad_vip_S20_0                          |    1 |
| bd_85ad_vip_S19_0                          |    1 |
| bd_85ad_vip_S18_0                          |    1 |
| bd_85ad_vip_S17_0                          |    1 |
| bd_85ad_vip_S16_0                          |    1 |
| bd_85ad_vip_S15_0                          |    1 |
| bd_85ad_vip_S14_0                          |    1 |
| bd_85ad_vip_S13_0                          |    1 |
| bd_85ad_vip_S12_0                          |    1 |
| bd_85ad_vip_S11_0                          |    1 |
| bd_85ad_vip_S10_0                          |    1 |
| bd_85ad_vip_S09_0                          |    1 |
| bd_85ad_vip_S08_0                          |    1 |
| bd_85ad_vip_S07_0                          |    1 |
| bd_85ad_vip_S06_0                          |    1 |
| bd_85ad_vip_S05_0                          |    1 |
| bd_85ad_vip_S04_0                          |    1 |
| bd_85ad_vip_S03_0                          |    1 |
| bd_85ad_vip_S02_0                          |    1 |
| bd_85ad_vip_S01_0                          |    1 |
| bd_85ad_vip_S00_0                          |    1 |
| bd_85ad_util_vector_logic_0                |    1 |
| bd_85ad_slice9_4_0                         |    1 |
| bd_85ad_slice8_3_0                         |    1 |
| bd_85ad_slice7_2_0                         |    1 |
| bd_85ad_slice6_1_0                         |    1 |
| bd_85ad_slice5_0_0                         |    1 |
| bd_85ad_slice4_20_0                        |    1 |
| bd_85ad_slice3_18_0                        |    1 |
| bd_85ad_slice2_17_0                        |    1 |
| bd_85ad_slice27_27_0                       |    1 |
| bd_85ad_slice26_26_0                       |    1 |
| bd_85ad_slice25_19_0                       |    1 |
| bd_85ad_slice24_25_0                       |    1 |
| bd_85ad_slice23_24_0                       |    1 |
| bd_85ad_slice22_23_0                       |    1 |
| bd_85ad_slice21_22_0                       |    1 |
| bd_85ad_slice20_21_0                       |    1 |
| bd_85ad_slice1_16_0                        |    1 |
| bd_85ad_slice19_14_0                       |    1 |
| bd_85ad_slice18_13_0                       |    1 |
| bd_85ad_slice17_12_0                       |    1 |
| bd_85ad_slice16_11_0                       |    1 |
| bd_85ad_slice15_10_0                       |    1 |
| bd_85ad_slice14_9_0                        |    1 |
| bd_85ad_slice13_8_0                        |    1 |
| bd_85ad_slice12_7_0                        |    1 |
| bd_85ad_slice11_6_0                        |    1 |
| bd_85ad_slice10_5_0                        |    1 |
| bd_85ad_slice0_15_0                        |    1 |
| bd_85ad_interconnect9_4_0                  |    1 |
| bd_85ad_interconnect8_3_0                  |    1 |
| bd_85ad_interconnect7_2_0                  |    1 |
| bd_85ad_interconnect6_1_0                  |    1 |
| bd_85ad_interconnect5_0_0                  |    1 |
| bd_85ad_interconnect4_20_0                 |    1 |
| bd_85ad_interconnect3_18_0                 |    1 |
| bd_85ad_interconnect2_17_0                 |    1 |
| bd_85ad_interconnect27_27_0                |    1 |
| bd_85ad_interconnect26_26_0                |    1 |
| bd_85ad_interconnect25_19_0                |    1 |
| bd_85ad_interconnect24_25_0                |    1 |
| bd_85ad_interconnect23_24_0                |    1 |
| bd_85ad_interconnect22_23_0                |    1 |
| bd_85ad_interconnect21_22_0                |    1 |
| bd_85ad_interconnect20_21_0                |    1 |
| bd_85ad_interconnect1_16_0                 |    1 |
| bd_85ad_interconnect19_14_0                |    1 |
| bd_85ad_interconnect18_13_0                |    1 |
| bd_85ad_interconnect17_12_0                |    1 |
| bd_85ad_interconnect16_11_0                |    1 |
| bd_85ad_interconnect15_10_0                |    1 |
| bd_85ad_interconnect14_9_0                 |    1 |
| bd_85ad_interconnect13_8_0                 |    1 |
| bd_85ad_interconnect12_7_0                 |    1 |
| bd_85ad_interconnect11_6_0                 |    1 |
| bd_85ad_interconnect10_5_0                 |    1 |
| bd_85ad_interconnect0_15_0                 |    1 |
| bd_85ad_init_reduce_0                      |    1 |
| bd_85ad_hbm_reset_sync_SLR2_0              |    1 |
| bd_85ad_hbm_reset_sync_SLR0_0              |    1 |
| bd_85ad_hbm_inst_0                         |    1 |
| bd_85ad_axi_apb_bridge_inst_0              |    1 |
| bd_7cf0_bsip_0                             |    1 |
| bd_7cf0_bs_switch_1_0                      |    1 |
| bd_7cf0_axi_jtag_0                         |    1 |
| bd_58f6_xsdbm_0                            |    1 |
| bd_58f6_lut_buffer_0                       |    1 |
| bd_22c0_xbar_1                             |    1 |
| bd_22c0_xbar_0                             |    1 |
| bd_22c0_psreset_kernel_01_0                |    1 |
| bd_22c0_psreset_kernel_00_0                |    1 |
| bd_22c0_psreset_hbm_0                      |    1 |
| bd_22c0_psreset_aclk_freerun_0             |    1 |
| bd_22c0_gpio_ucs_control_status_0          |    1 |
| bd_22c0_gpio_gapping_demand_0              |    1 |
| bd_22c0_gapping_demand_update_0            |    1 |
| bd_22c0_gapping_demand_toggle_0            |    1 |
| bd_22c0_frequency_counter_aclk_kernel_01_0 |    1 |
| bd_22c0_frequency_counter_aclk_kernel_00_0 |    1 |
| bd_22c0_frequency_counter_aclk_hbm_0       |    1 |
| bd_22c0_frequency_counter_aclk_0           |    1 |
| bd_22c0_fanout_aresetn_pcie_slr2_4_0       |    1 |
| bd_22c0_fanout_aresetn_pcie_slr2_3_0       |    1 |
| bd_22c0_fanout_aresetn_pcie_slr2_2_0       |    1 |
| bd_22c0_fanout_aresetn_pcie_slr2_1_0       |    1 |
| bd_22c0_fanout_aresetn_pcie_slr1_4_0       |    1 |
| bd_22c0_fanout_aresetn_pcie_slr1_3_0       |    1 |
| bd_22c0_fanout_aresetn_pcie_slr1_2_0       |    1 |
| bd_22c0_fanout_aresetn_pcie_slr1_1_0       |    1 |
| bd_22c0_fanout_aresetn_pcie_slr0_4_0       |    1 |
| bd_22c0_fanout_aresetn_pcie_slr0_3_0       |    1 |
| bd_22c0_fanout_aresetn_pcie_slr0_2_0       |    1 |
| bd_22c0_fanout_aresetn_pcie_slr0_1_0       |    1 |
| bd_22c0_fanout_aresetn_kernel_01_slr2_4_0  |    1 |
| bd_22c0_fanout_aresetn_kernel_01_slr2_3_0  |    1 |
| bd_22c0_fanout_aresetn_kernel_01_slr2_2_0  |    1 |
| bd_22c0_fanout_aresetn_kernel_01_slr2_1_0  |    1 |
| bd_22c0_fanout_aresetn_kernel_01_slr1_4_0  |    1 |
| bd_22c0_fanout_aresetn_kernel_01_slr1_3_0  |    1 |
| bd_22c0_fanout_aresetn_kernel_01_slr1_2_0  |    1 |
| bd_22c0_fanout_aresetn_kernel_01_slr1_1_0  |    1 |
| bd_22c0_fanout_aresetn_kernel_01_slr0_4_0  |    1 |
| bd_22c0_fanout_aresetn_kernel_01_slr0_3_0  |    1 |
| bd_22c0_fanout_aresetn_kernel_01_slr0_2_0  |    1 |
| bd_22c0_fanout_aresetn_kernel_01_slr0_1_0  |    1 |
| bd_22c0_fanout_aresetn_kernel_00_slr2_4_0  |    1 |
| bd_22c0_fanout_aresetn_kernel_00_slr2_3_0  |    1 |
| bd_22c0_fanout_aresetn_kernel_00_slr2_2_0  |    1 |
| bd_22c0_fanout_aresetn_kernel_00_slr2_1_0  |    1 |
| bd_22c0_fanout_aresetn_kernel_00_slr1_4_0  |    1 |
| bd_22c0_fanout_aresetn_kernel_00_slr1_3_0  |    1 |
| bd_22c0_fanout_aresetn_kernel_00_slr1_2_0  |    1 |
| bd_22c0_fanout_aresetn_kernel_00_slr1_1_0  |    1 |
| bd_22c0_fanout_aresetn_kernel_00_slr0_4_0  |    1 |
| bd_22c0_fanout_aresetn_kernel_00_slr0_3_0  |    1 |
| bd_22c0_fanout_aresetn_kernel_00_slr0_2_0  |    1 |
| bd_22c0_fanout_aresetn_kernel_00_slr0_1_0  |    1 |
| bd_22c0_fanout_aresetn_hbm_0               |    1 |
| bd_22c0_fanout_aresetn_ctrl_slr2_4_0       |    1 |
| bd_22c0_fanout_aresetn_ctrl_slr2_3_0       |    1 |
| bd_22c0_fanout_aresetn_ctrl_slr2_2_0       |    1 |
| bd_22c0_fanout_aresetn_ctrl_slr2_1_0       |    1 |
| bd_22c0_fanout_aresetn_ctrl_slr1_4_0       |    1 |
| bd_22c0_fanout_aresetn_ctrl_slr1_3_0       |    1 |
| bd_22c0_fanout_aresetn_ctrl_slr1_2_0       |    1 |
| bd_22c0_fanout_aresetn_ctrl_slr1_1_0       |    1 |
| bd_22c0_fanout_aresetn_ctrl_slr0_4_0       |    1 |
| bd_22c0_fanout_aresetn_ctrl_slr0_3_0       |    1 |
| bd_22c0_fanout_aresetn_ctrl_slr0_2_0       |    1 |
| bd_22c0_fanout_aresetn_ctrl_slr0_1_0       |    1 |
| bd_22c0_clock_throttling_avg_0             |    1 |
| bd_22c0_clock_throttling_aclk_kernel_01_0  |    1 |
| bd_22c0_clock_throttling_aclk_kernel_00_0  |    1 |
| bd_22c0_clock_shutdown_latch_0             |    1 |
| bd_22c0_clkwiz_hbm_0                       |    1 |
| bd_22c0_clkwiz_aclk_kernel_01_0            |    1 |
| bd_22c0_clkwiz_aclk_kernel_00_0            |    1 |
| bd_22c0_clk_hbm_adapt_0                    |    1 |
| bd_22c0_build_info_0                       |    1 |
| bd_22c0_auto_cc_0                          |    1 |
| bd_22c0_aclk_kernel_01_cont_adapt_0        |    1 |
| bd_22c0_aclk_kernel_01_adapt_0             |    1 |
| bd_22c0_aclk_kernel_00_cont_adapt_0        |    1 |
| bd_22c0_aclk_kernel_00_adapt_0             |    1 |
| bd_097b_user_debug_hub_0                   |    1 |
| bd_097b_user_debug_bridge_0                |    1 |
| bd_097b_build_info_0                       |    1 |
+--------------------------------------------+------+


12. SLR Connectivity
--------------------

+----------------------------------+-------+-------+-----------+-------+
|                                  |  Used | Fixed | Available | Util% |
+----------------------------------+-------+-------+-----------+-------+
| SLR2 <-> SLR1                    | 15636 |       |     23040 | 67.86 |
|   SLR1 -> SLR2                   |  8942 |       |           | 38.81 |
|     Using TX_REG only            |     0 |     0 |           |       |
|     Using RX_REG only            |     0 |     0 |           |       |
|     Using Both TX_REG and RX_REG |     0 |     0 |           |       |
|   SLR2 -> SLR1                   |  6694 |       |           | 29.05 |
|     Using TX_REG only            |     0 |     0 |           |       |
|     Using RX_REG only            |     0 |     0 |           |       |
|     Using Both TX_REG and RX_REG |     0 |     0 |           |       |
| SLR1 <-> SLR0                    | 20961 |       |     23040 | 90.98 |
|   SLR0 -> SLR1                   | 15112 |       |           | 65.59 |
|     Using TX_REG only            |     0 |     0 |           |       |
|     Using RX_REG only            |     0 |     0 |           |       |
|     Using Both TX_REG and RX_REG |     0 |     0 |           |       |
|   SLR1 -> SLR0                   |  5849 |       |           | 25.39 |
|     Using TX_REG only            |     0 |     0 |           |       |
|     Using RX_REG only            |     0 |     0 |           |       |
|     Using Both TX_REG and RX_REG |     0 |     0 |           |       |
+----------------------------------+-------+-------+-----------+-------+
| Total SLLs Used                  | 36597 |       |           |       |
+----------------------------------+-------+-------+-----------+-------+


13. SLR Connectivity Matrix
---------------------------

+-----------+------+-------+------+
| FROM \ TO | SLR2 |  SLR1 | SLR0 |
+-----------+------+-------+------+
| SLR2      |    0 |  6455 |  239 |
| SLR1      | 8792 |     0 | 5610 |
| SLR0      |  150 | 14962 |    0 |
+-----------+------+-------+------+


14. SLR CLB Logic and Dedicated Block Utilization
-------------------------------------------------

+----------------------------+--------+--------+--------+--------+--------+--------+
|          Site Type         |  SLR0  |  SLR1  |  SLR2  | SLR0 % | SLR1 % | SLR2 % |
+----------------------------+--------+--------+--------+--------+--------+--------+
| CLB                        |  47862 |  48503 |  40624 |  87.09 |  89.82 |  75.23 |
|   CLBL                     |  24957 |  25957 |  21516 |  85.24 |  88.65 |  73.48 |
|   CLBM                     |  22905 |  22546 |  19108 |  89.19 |  91.21 |  77.30 |
| CLB LUTs                   | 237008 | 261454 | 207217 |  53.90 |  60.52 |  47.97 |
|   LUT as Logic             | 160274 | 199293 | 152201 |  36.45 |  46.13 |  35.23 |
|     using O5 output only   |   3852 |   2462 |   1829 |   0.88 |   0.57 |   0.42 |
|     using O6 output only   |  91116 | 106398 |  75644 |  20.72 |  24.63 |  17.51 |
|     using O5 and O6        |  65306 |  90433 |  74728 |  14.85 |  20.93 |  17.30 |
|   LUT as Memory            |  76734 |  62161 |  55016 |  37.35 |  31.43 |  27.82 |
|     LUT as Distributed RAM |  19982 |   6406 |   3700 |   9.73 |   3.24 |   1.87 |
|       using O5 output only |      0 |      0 |      0 |   0.00 |   0.00 |   0.00 |
|       using O6 output only |    344 |    386 |      0 |   0.17 |   0.20 |   0.00 |
|       using O5 and O6      |  19638 |   6020 |   3700 |   9.56 |   3.04 |   1.87 |
|     LUT as Shift Register  |  56752 |  55755 |  51316 |  27.62 |  28.19 |  25.95 |
|       using O5 output only |      0 |      0 |      0 |   0.00 |   0.00 |   0.00 |
|       using O6 output only |  45469 |  29959 |  28343 |  22.13 |  15.15 |  14.33 |
|       using O5 and O6      |  11283 |  25796 |  22973 |   5.49 |  13.04 |  11.62 |
| CLB Registers              | 263513 | 258557 | 212938 |  29.97 |  29.93 |  24.65 |
| CARRY8                     |   4477 |   5499 |   4822 |   8.15 |  10.18 |   8.93 |
| F7 Muxes                   |  25157 |  12491 |   9954 |  11.44 |   5.78 |   4.61 |
| F8 Muxes                   |    433 |   3263 |   2782 |   0.39 |   3.02 |   2.58 |
| F9 Muxes                   |      0 |      0 |      0 |   0.00 |   0.00 |   0.00 |
| Block RAM Tile             |  451.5 |    338 |    178 |  67.19 |  50.30 |  26.49 |
|   RAMB36/FIFO              |    450 |    337 |    178 |  66.96 |  50.15 |  26.49 |
|   RAMB18                   |      3 |      2 |      0 |   0.22 |   0.15 |   0.00 |
| URAM                       |     12 |    180 |    192 |   3.75 |  56.25 |  60.00 |
| DSPs                       |    473 |    812 |    770 |  16.42 |  26.43 |  25.07 |
| Unique Control Sets        |   8194 |  10200 |   7332 |   7.45 |   9.44 |   6.79 |
+----------------------------+--------+--------+--------+--------+--------+--------+
* Note: Available Control Sets based on CLB Registers / 8


15. SLR IO Utilization
----------------------

+-----------+-----------+---------+------------+----------+------------+----------+-----+
| SLR Index | Used IOBs | (%)IOBs | Used IPADs | (%)IPADs | Used OPADs | (%)OPADs | GTs |
+-----------+-----------+---------+------------+----------+------------+----------+-----+
| SLR2      |        15 |    7.21 |          0 |     0.00 |          0 |     0.00 |   0 |
| SLR1      |         0 |    0.00 |          0 |     0.00 |          0 |     0.00 |   0 |
| SLR0      |         1 |    0.48 |          0 |     0.00 |          0 |     0.00 |  16 |
+-----------+-----------+---------+------------+----------+------------+----------+-----+
| Total     |        16 |         |          0 |          |          0 |          |  16 |
+-----------+-----------+---------+------------+----------+------------+----------+-----+


