Copyright 1986-2022 Xilinx, Inc. All Rights Reserved. Copyright 2022-2023 Advanced Micro Devices, Inc. All Rights Reserved.
---------------------------------------------------------------------------------------------------------------------------------------------
| Tool Version : Vivado v.2023.2 (lin64) Build 4029153 Fri Oct 13 20:13:54 MDT 2023
| Date         : Thu Nov  7 16:52:16 2024
| Host         : ensc-rcl-3 running 64-bit Ubuntu 18.04.2 LTS
| Command      : report_utilization -file full_util_routed.rpt -pb full_util_routed.pb
| Design       : level0_wrapper
| Device       : xcu280-fsvh2892-2L-e
| Speed File   : -2L
| Design State : Routed
---------------------------------------------------------------------------------------------------------------------------------------------

Utilization Design Information

Table of Contents
-----------------
1. CLB Logic
1.1 Summary of Registers by Type
2. CLB Logic Distribution
3. BLOCKRAM
4. ARITHMETIC
5. I/O
6. CLOCK
7. ADVANCED
8. CONFIGURATION
9. Primitives
10. Black Boxes
11. Instantiated Netlists
12. SLR Connectivity
13. SLR Connectivity Matrix
14. SLR CLB Logic and Dedicated Block Utilization
15. SLR IO Utilization

1. CLB Logic
------------

+----------------------------+--------+--------+------------+-----------+-------+
|          Site Type         |  Used  |  Fixed | Prohibited | Available | Util% |
+----------------------------+--------+--------+------------+-----------+-------+
| CLB LUTs                   | 716714 | 107629 |          0 |   1303680 | 54.98 |
|   LUT as Logic             | 528412 | 101652 |          0 |   1303680 | 40.53 |
|   LUT as Memory            | 188302 |   5977 |          0 |    600960 | 31.33 |
|     LUT as Distributed RAM |  28120 |   4564 |            |           |       |
|     LUT as Shift Register  | 160182 |   1413 |            |           |       |
| CLB Registers              | 685671 | 136086 |          0 |   2607360 | 26.30 |
|   Register as Flip Flop    | 685401 | 136082 |          0 |   2607360 | 26.29 |
|   Register as Latch        |    266 |      0 |          0 |   2607360 |  0.01 |
|   Register as AND/OR       |      4 |      4 |          0 |   2607360 | <0.01 |
| CARRY8                     |  13701 |    946 |          0 |    162960 |  8.41 |
| F7 Muxes                   |  49354 |   1683 |          0 |    651840 |  7.57 |
| F8 Muxes                   |  10462 |    446 |          0 |    325920 |  3.21 |
| F9 Muxes                   |      0 |      0 |          0 |    162960 |  0.00 |
+----------------------------+--------+--------+------------+-----------+-------+
* Warning! LUT value is adjusted to account for LUT combining.


1.1 Summary of Registers by Type
--------------------------------

+--------+--------------+-------------+--------------+
|  Total | Clock Enable | Synchronous | Asynchronous |
+--------+--------------+-------------+--------------+
| 4      |            _ |           - |            - |
| 0      |            _ |           - |          Set |
| 0      |            _ |           - |        Reset |
| 0      |            _ |         Set |            - |
| 0      |            _ |       Reset |            - |
| 0      |          Yes |           - |            - |
| 401    |          Yes |           - |          Set |
| 5235   |          Yes |           - |        Reset |
| 20089  |          Yes |         Set |            - |
| 659942 |          Yes |       Reset |            - |
+--------+--------------+-------------+--------------+


2. CLB Logic Distribution
-------------------------

+--------------------------------------------+--------+--------+------------+-----------+-------+
|                  Site Type                 |  Used  |  Fixed | Prohibited | Available | Util% |
+--------------------------------------------+--------+--------+------------+-----------+-------+
| CLB                                        | 135834 |      0 |          0 |    162960 | 83.35 |
|   CLBL                                     |  72115 |      0 |            |           |       |
|   CLBM                                     |  63719 |      0 |            |           |       |
| LUT as Logic                               | 528412 | 101652 |          0 |   1303680 | 40.53 |
|   using O5 output only                     |   8209 |        |            |           |       |
|   using O6 output only                     | 269721 |        |            |           |       |
|   using O5 and O6                          | 250482 |        |            |           |       |
| LUT as Memory                              | 188302 |   5977 |          0 |    600960 | 31.33 |
|   LUT as Distributed RAM                   |  28120 |   4564 |            |           |       |
|     using O5 output only                   |      0 |        |            |           |       |
|     using O6 output only                   |    722 |        |            |           |       |
|     using O5 and O6                        |  27398 |        |            |           |       |
|   LUT as Shift Register                    | 160182 |   1413 |            |           |       |
|     using O5 output only                   |      2 |        |            |           |       |
|     using O6 output only                   |  94029 |        |            |           |       |
|     using O5 and O6                        |  66151 |        |            |           |       |
| CLB Registers                              | 685671 |      0 |          0 |   2607360 | 26.30 |
|   Register driven from within the CLB      | 323347 |        |            |           |       |
|   Register driven from outside the CLB     | 362324 |        |            |           |       |
|     LUT in front of the register is unused | 228473 |        |            |           |       |
|     LUT in front of the register is used   | 133851 |        |            |           |       |
| Unique Control Sets                        |  23013 |        |          0 |    325920 |  7.06 |
+--------------------------------------------+--------+--------+------------+-----------+-------+
* * Note: Available Control Sets calculated as Slices * 2, Review the Control Sets Report for more information regarding control sets.


3. BLOCKRAM
-----------

+-------------------+--------+-------+------------+-----------+-------+
|     Site Type     |  Used  | Fixed | Prohibited | Available | Util% |
+-------------------+--------+-------+------------+-----------+-------+
| Block RAM Tile    | 1479.5 |     0 |          0 |      2016 | 73.39 |
|   RAMB36/FIFO*    |   1477 |   193 |          0 |      2016 | 73.26 |
|     RAMB36E2 only |   1477 |       |            |           |       |
|   RAMB18          |      5 |     5 |          0 |      4032 |  0.12 |
|     RAMB18E2 only |      5 |       |            |           |       |
| URAM              |    320 |     0 |          0 |       960 | 33.33 |
+-------------------+--------+-------+------------+-----------+-------+
* Note: Each Block RAM Tile only has one FIFO logic available and therefore can accommodate only one FIFO36E2 or one FIFO18E2. However, if a FIFO18E2 occupies a Block RAM Tile, that tile can still accommodate a RAMB18E2


4. ARITHMETIC
-------------

+----------------+------+-------+------------+-----------+-------+
|    Site Type   | Used | Fixed | Prohibited | Available | Util% |
+----------------+------+-------+------------+-----------+-------+
| DSPs           | 1866 |     4 |          0 |      9024 | 20.68 |
|   DSP48E2 only | 1866 |       |            |           |       |
+----------------+------+-------+------------+-----------+-------+


5. I/O
------

+------------------+------+-------+------------+-----------+-------+
|     Site Type    | Used | Fixed | Prohibited | Available | Util% |
+------------------+------+-------+------------+-----------+-------+
| Bonded IOB       |   16 |    16 |          0 |       624 |  2.56 |
| HPIOB_M          |    6 |     6 |          0 |       288 |  2.08 |
|   INPUT          |    4 |       |            |           |       |
|   OUTPUT         |    2 |       |            |           |       |
|   BIDIR          |    0 |       |            |           |       |
| HPIOB_S          |    8 |     8 |          0 |       288 |  2.78 |
|   INPUT          |    4 |       |            |           |       |
|   OUTPUT         |    4 |       |            |           |       |
|   BIDIR          |    0 |       |            |           |       |
| HPIOB_SNGL       |    2 |     2 |          0 |        48 |  4.17 |
|   INPUT          |    1 |       |            |           |       |
|   OUTPUT         |    1 |       |            |           |       |
|   BIDIR          |    0 |       |            |           |       |
| HPIOBDIFFINBUF   |    1 |     1 |          0 |       288 |  0.35 |
|   DIFFINBUF      |    1 |     1 |            |           |       |
| HPIOBDIFFOUTBUF  |    0 |     0 |          0 |       288 |  0.00 |
| BITSLICE_CONTROL |    0 |     0 |          0 |        96 |  0.00 |
| BITSLICE_RX_TX   |    0 |     0 |          0 |      3744 |  0.00 |
| BITSLICE_TX      |    0 |     0 |          0 |        96 |  0.00 |
| RIU_OR           |    0 |     0 |          0 |        48 |  0.00 |
+------------------+------+-------+------------+-----------+-------+


6. CLOCK
--------

+----------------------+------+-------+------------+-----------+-------+
|       Site Type      | Used | Fixed | Prohibited | Available | Util% |
+----------------------+------+-------+------------+-----------+-------+
| GLOBAL CLOCK BUFFERs |   43 |    32 |          0 |      1008 |  4.27 |
|   BUFGCE             |   16 |     5 |          0 |       288 |  5.56 |
|   BUFGCE_DIV         |    1 |     1 |          0 |        48 |  2.08 |
|   BUFG_GT            |   22 |    22 |          0 |       576 |  3.82 |
|   BUFGCTRL*          |    2 |     2 |          0 |        96 |  2.08 |
| PLL                  |    1 |     1 |          0 |        24 |  4.17 |
| MMCM                 |    3 |     1 |          0 |        12 | 25.00 |
+----------------------+------+-------+------------+-----------+-------+
* Note: Each used BUFGCTRL counts as two GLOBAL CLOCK BUFFERs. This table does not include global clocking resources, only buffer cell usage. See the Clock Utilization Report (report_clock_utilization) for detailed accounting of global clocking resource availability.


7. ADVANCED
-----------

+----------------------+------+-------+------------+-----------+--------+
|       Site Type      | Used | Fixed | Prohibited | Available |  Util% |
+----------------------+------+-------+------------+-----------+--------+
| CMACE4               |    0 |     0 |          0 |         8 |   0.00 |
| GTYE4_CHANNEL        |   16 |    16 |          0 |        24 |  66.67 |
| GTYE4_COMMON         |    4 |     4 |          0 |         6 |  66.67 |
| HBM_REF_CLK          |    2 |     2 |          0 |         2 | 100.00 |
| HBM_SNGLBLI_INTF_APB |    2 |     2 |          0 |        32 |   6.25 |
| HBM_SNGLBLI_INTF_AXI |   32 |    32 |          0 |        32 | 100.00 |
| ILKNE4               |    0 |     0 |          0 |         4 |   0.00 |
| OBUFDS_GTE4          |    0 |     0 |          0 |        12 |   0.00 |
| OBUFDS_GTE4_ADV      |    0 |     0 |          0 |        12 |   0.00 |
| PCIE40E4             |    0 |     0 |          0 |         2 |   0.00 |
| PCIE4CE4             |    1 |     1 |          0 |         4 |  25.00 |
| SYSMONE4             |    0 |     0 |          0 |         3 |   0.00 |
+----------------------+------+-------+------------+-----------+--------+


8. CONFIGURATION
----------------

+-------------+------+-------+------------+-----------+-------+
|  Site Type  | Used | Fixed | Prohibited | Available | Util% |
+-------------+------+-------+------------+-----------+-------+
| BSCANE2     |    1 |     1 |          0 |        12 |  8.33 |
| DNA_PORTE2  |    0 |     0 |          0 |         3 |  0.00 |
| EFUSE_USR   |    0 |     0 |          0 |         3 |  0.00 |
| FRAME_ECCE4 |    0 |     0 |          0 |         3 |  0.00 |
| ICAPE3      |    1 |     1 |          0 |         6 | 16.67 |
| MASTER_JTAG |    0 |     0 |          0 |         3 |  0.00 |
| STARTUPE3   |    1 |     1 |          0 |         3 | 33.33 |
+-------------+------+-------+------------+-----------+-------+


9. Primitives
-------------

+----------------------+--------+---------------------+
|       Ref Name       |  Used  | Functional Category |
+----------------------+--------+---------------------+
| FDRE                 | 659942 |            Register |
| LUT2                 | 245610 |                 CLB |
| LUT3                 | 198140 |                 CLB |
| SRL16E               | 142723 |                 CLB |
| LUT6                 | 129459 |                 CLB |
| LUT4                 | 122737 |                 CLB |
| SRLC32E              |  83596 |                 CLB |
| LUT5                 |  67124 |                 CLB |
| MUXF7                |  49354 |                 CLB |
| RAMD32               |  48040 |                 CLB |
| FDSE                 |  20089 |            Register |
| LUT1                 |  15824 |                 CLB |
| CARRY8               |  13701 |                 CLB |
| MUXF8                |  10462 |                 CLB |
| RAMS32               |   6910 |                 CLB |
| FDCE                 |   4969 |            Register |
| DSP48E2              |   1866 |          Arithmetic |
| RAMB36E2             |   1477 |            BLOCKRAM |
| RAMD64E              |    528 |                 CLB |
| FDPE                 |    401 |            Register |
| URAM288              |    320 |            BLOCKRAM |
| LDCE                 |    266 |            Register |
| RAMS64E              |     40 |                 CLB |
| HBM_SNGLBLI_INTF_AXI |     32 |            Advanced |
| BUFG_GT              |     22 |               Clock |
| BUFG_GT_SYNC         |     17 |               Clock |
| GTYE4_CHANNEL        |     16 |            Advanced |
| BUFGCE               |     16 |               Clock |
| SRLC16E              |     14 |                 CLB |
| IBUFCTRL             |      8 |              Others |
| OBUF                 |      7 |                 I/O |
| INBUF                |      7 |                 I/O |
| RAMB18E2             |      5 |            BLOCKRAM |
| GTYE4_COMMON         |      4 |            Advanced |
| AND2B1L              |      4 |              Others |
| MMCME4_ADV           |      3 |               Clock |
| HBM_SNGLBLI_INTF_APB |      2 |            Advanced |
| HBM_REF_CLK          |      2 |            Advanced |
| BUFGCTRL             |      2 |               Clock |
| STARTUPE3            |      1 |       Configuration |
| PLLE4_ADV            |      1 |               Clock |
| PCIE4CE4             |      1 |            Advanced |
| ICAPE3               |      1 |       Configuration |
| IBUFDS_GTE4          |      1 |                 I/O |
| DIFFINBUF            |      1 |                 I/O |
| BUFGCE_DIV           |      1 |               Clock |
| BSCANE2              |      1 |       Configuration |
+----------------------+--------+---------------------+


10. Black Boxes
---------------

+----------+------+
| Ref Name | Used |
+----------+------+


11. Instantiated Netlists
-------------------------

+--------------------------------------------+------+
|                  Ref Name                  | Used |
+--------------------------------------------+------+
| xsdbm                                      |    1 |
| ulp_xbar_3                                 |    1 |
| ulp_xbar_2                                 |    1 |
| ulp_ulp_ucs_0                              |    1 |
| ulp_ulp_cmp_0                              |    1 |
| ulp_s00_regslice_20                        |    1 |
| ulp_s00_regslice_19                        |    1 |
| ulp_s00_regslice_18                        |    1 |
| ulp_regslice_control_userpf_2              |    1 |
| ulp_regslice_control_userpf_1              |    1 |
| ulp_regslice_control_userpf_0              |    1 |
| ulp_proc_sys_reset_kernel_slr0_0           |    1 |
| ulp_proc_sys_reset_ctrl_slr2_0             |    1 |
| ulp_proc_sys_reset_ctrl_slr1_0             |    1 |
| ulp_proc_sys_reset_ctrl_slr0_0             |    1 |
| ulp_m01_regslice_0                         |    1 |
| ulp_m00_regslice_0                         |    1 |
| ulp_ii_level0_wire_0                       |    1 |
| ulp_hmss_0_0                               |    1 |
| ulp_axi_vip_data_0                         |    1 |
| ulp_axi_vip_ctrl_userpf_2                  |    1 |
| ulp_axi_vip_ctrl_userpf_1                  |    1 |
| ulp_axi_vip_ctrl_userpf_0                  |    1 |
| ulp_axi_gpio_null_2                        |    1 |
| ulp_axi_gpio_null_1                        |    1 |
| ulp_axi_gpio_null_0                        |    1 |
| ulp_auto_cc_3                              |    1 |
| ulp_auto_cc_2                              |    1 |
| ulp_auto_cc_1                              |    1 |
| ulp_auto_cc_0                              |    1 |
| ulp_SpMV_0                                 |    1 |
| ulp                                        |    1 |
| level0_ii_level0_pipe_0                    |    1 |
| blp_wrapper                                |    1 |
| bd_85ad_vip_S26_0                          |    1 |
| bd_85ad_vip_S25_0                          |    1 |
| bd_85ad_vip_S24_0                          |    1 |
| bd_85ad_vip_S23_0                          |    1 |
| bd_85ad_vip_S22_0                          |    1 |
| bd_85ad_vip_S21_0                          |    1 |
| bd_85ad_vip_S20_0                          |    1 |
| bd_85ad_vip_S19_0                          |    1 |
| bd_85ad_vip_S18_0                          |    1 |
| bd_85ad_vip_S17_0                          |    1 |
| bd_85ad_vip_S16_0                          |    1 |
| bd_85ad_vip_S15_0                          |    1 |
| bd_85ad_vip_S14_0                          |    1 |
| bd_85ad_vip_S13_0                          |    1 |
| bd_85ad_vip_S12_0                          |    1 |
| bd_85ad_vip_S11_0                          |    1 |
| bd_85ad_vip_S10_0                          |    1 |
| bd_85ad_vip_S09_0                          |    1 |
| bd_85ad_vip_S08_0                          |    1 |
| bd_85ad_vip_S07_0                          |    1 |
| bd_85ad_vip_S06_0                          |    1 |
| bd_85ad_vip_S05_0                          |    1 |
| bd_85ad_vip_S04_0                          |    1 |
| bd_85ad_vip_S03_0                          |    1 |
| bd_85ad_vip_S02_0                          |    1 |
| bd_85ad_vip_S01_0                          |    1 |
| bd_85ad_vip_S00_0                          |    1 |
| bd_85ad_util_vector_logic_0                |    1 |
| bd_85ad_slice9_10_0                        |    1 |
| bd_85ad_slice8_9_0                         |    1 |
| bd_85ad_slice7_8_0                         |    1 |
| bd_85ad_slice6_7_0                         |    1 |
| bd_85ad_slice5_6_0                         |    1 |
| bd_85ad_slice4_5_0                         |    1 |
| bd_85ad_slice3_4_0                         |    1 |
| bd_85ad_slice2_1_0                         |    1 |
| bd_85ad_slice26_25_0                       |    1 |
| bd_85ad_slice25_24_0                       |    1 |
| bd_85ad_slice24_23_0                       |    1 |
| bd_85ad_slice23_22_0                       |    1 |
| bd_85ad_slice22_3_0                        |    1 |
| bd_85ad_slice21_2_0                        |    1 |
| bd_85ad_slice20_21_0                       |    1 |
| bd_85ad_slice1_0_0                         |    1 |
| bd_85ad_slice19_20_0                       |    1 |
| bd_85ad_slice18_15_0                       |    1 |
| bd_85ad_slice17_14_0                       |    1 |
| bd_85ad_slice16_13_0                       |    1 |
| bd_85ad_slice15_12_0                       |    1 |
| bd_85ad_slice14_11_0                       |    1 |
| bd_85ad_slice13_19_0                       |    1 |
| bd_85ad_slice12_18_0                       |    1 |
| bd_85ad_slice11_17_0                       |    1 |
| bd_85ad_slice10_16_0                       |    1 |
| bd_85ad_slice0_26_0                        |    1 |
| bd_85ad_interconnect9_10_0                 |    1 |
| bd_85ad_interconnect8_9_0                  |    1 |
| bd_85ad_interconnect7_8_0                  |    1 |
| bd_85ad_interconnect6_7_0                  |    1 |
| bd_85ad_interconnect5_6_0                  |    1 |
| bd_85ad_interconnect4_5_0                  |    1 |
| bd_85ad_interconnect3_4_0                  |    1 |
| bd_85ad_interconnect2_1_0                  |    1 |
| bd_85ad_interconnect26_25_0                |    1 |
| bd_85ad_interconnect25_24_0                |    1 |
| bd_85ad_interconnect24_23_0                |    1 |
| bd_85ad_interconnect23_22_0                |    1 |
| bd_85ad_interconnect22_3_0                 |    1 |
| bd_85ad_interconnect21_2_0                 |    1 |
| bd_85ad_interconnect20_21_0                |    1 |
| bd_85ad_interconnect1_0_0                  |    1 |
| bd_85ad_interconnect19_20_0                |    1 |
| bd_85ad_interconnect18_15_0                |    1 |
| bd_85ad_interconnect17_14_0                |    1 |
| bd_85ad_interconnect16_13_0                |    1 |
| bd_85ad_interconnect15_12_0                |    1 |
| bd_85ad_interconnect14_11_0                |    1 |
| bd_85ad_interconnect13_19_0                |    1 |
| bd_85ad_interconnect12_18_0                |    1 |
| bd_85ad_interconnect11_17_0                |    1 |
| bd_85ad_interconnect10_16_0                |    1 |
| bd_85ad_interconnect0_26_0                 |    1 |
| bd_85ad_init_reduce_0                      |    1 |
| bd_85ad_hbm_reset_sync_SLR2_0              |    1 |
| bd_85ad_hbm_reset_sync_SLR0_0              |    1 |
| bd_85ad_hbm_inst_0                         |    1 |
| bd_85ad_axi_apb_bridge_inst_0              |    1 |
| bd_7cf0_bsip_0                             |    1 |
| bd_7cf0_bs_switch_1_0                      |    1 |
| bd_7cf0_axi_jtag_0                         |    1 |
| bd_58f6_xsdbm_0                            |    1 |
| bd_58f6_lut_buffer_0                       |    1 |
| bd_22c0_xbar_1                             |    1 |
| bd_22c0_xbar_0                             |    1 |
| bd_22c0_psreset_kernel_01_0                |    1 |
| bd_22c0_psreset_kernel_00_0                |    1 |
| bd_22c0_psreset_hbm_0                      |    1 |
| bd_22c0_psreset_aclk_freerun_0             |    1 |
| bd_22c0_gpio_ucs_control_status_0          |    1 |
| bd_22c0_gpio_gapping_demand_0              |    1 |
| bd_22c0_gapping_demand_update_0            |    1 |
| bd_22c0_gapping_demand_toggle_0            |    1 |
| bd_22c0_frequency_counter_aclk_kernel_01_0 |    1 |
| bd_22c0_frequency_counter_aclk_kernel_00_0 |    1 |
| bd_22c0_frequency_counter_aclk_hbm_0       |    1 |
| bd_22c0_frequency_counter_aclk_0           |    1 |
| bd_22c0_fanout_aresetn_pcie_slr2_4_0       |    1 |
| bd_22c0_fanout_aresetn_pcie_slr2_3_0       |    1 |
| bd_22c0_fanout_aresetn_pcie_slr2_2_0       |    1 |
| bd_22c0_fanout_aresetn_pcie_slr2_1_0       |    1 |
| bd_22c0_fanout_aresetn_pcie_slr1_4_0       |    1 |
| bd_22c0_fanout_aresetn_pcie_slr1_3_0       |    1 |
| bd_22c0_fanout_aresetn_pcie_slr1_2_0       |    1 |
| bd_22c0_fanout_aresetn_pcie_slr1_1_0       |    1 |
| bd_22c0_fanout_aresetn_pcie_slr0_4_0       |    1 |
| bd_22c0_fanout_aresetn_pcie_slr0_3_0       |    1 |
| bd_22c0_fanout_aresetn_pcie_slr0_2_0       |    1 |
| bd_22c0_fanout_aresetn_pcie_slr0_1_0       |    1 |
| bd_22c0_fanout_aresetn_kernel_01_slr2_4_0  |    1 |
| bd_22c0_fanout_aresetn_kernel_01_slr2_3_0  |    1 |
| bd_22c0_fanout_aresetn_kernel_01_slr2_2_0  |    1 |
| bd_22c0_fanout_aresetn_kernel_01_slr2_1_0  |    1 |
| bd_22c0_fanout_aresetn_kernel_01_slr1_4_0  |    1 |
| bd_22c0_fanout_aresetn_kernel_01_slr1_3_0  |    1 |
| bd_22c0_fanout_aresetn_kernel_01_slr1_2_0  |    1 |
| bd_22c0_fanout_aresetn_kernel_01_slr1_1_0  |    1 |
| bd_22c0_fanout_aresetn_kernel_01_slr0_4_0  |    1 |
| bd_22c0_fanout_aresetn_kernel_01_slr0_3_0  |    1 |
| bd_22c0_fanout_aresetn_kernel_01_slr0_2_0  |    1 |
| bd_22c0_fanout_aresetn_kernel_01_slr0_1_0  |    1 |
| bd_22c0_fanout_aresetn_kernel_00_slr2_4_0  |    1 |
| bd_22c0_fanout_aresetn_kernel_00_slr2_3_0  |    1 |
| bd_22c0_fanout_aresetn_kernel_00_slr2_2_0  |    1 |
| bd_22c0_fanout_aresetn_kernel_00_slr2_1_0  |    1 |
| bd_22c0_fanout_aresetn_kernel_00_slr1_4_0  |    1 |
| bd_22c0_fanout_aresetn_kernel_00_slr1_3_0  |    1 |
| bd_22c0_fanout_aresetn_kernel_00_slr1_2_0  |    1 |
| bd_22c0_fanout_aresetn_kernel_00_slr1_1_0  |    1 |
| bd_22c0_fanout_aresetn_kernel_00_slr0_4_0  |    1 |
| bd_22c0_fanout_aresetn_kernel_00_slr0_3_0  |    1 |
| bd_22c0_fanout_aresetn_kernel_00_slr0_2_0  |    1 |
| bd_22c0_fanout_aresetn_kernel_00_slr0_1_0  |    1 |
| bd_22c0_fanout_aresetn_hbm_0               |    1 |
| bd_22c0_fanout_aresetn_ctrl_slr2_4_0       |    1 |
| bd_22c0_fanout_aresetn_ctrl_slr2_3_0       |    1 |
| bd_22c0_fanout_aresetn_ctrl_slr2_2_0       |    1 |
| bd_22c0_fanout_aresetn_ctrl_slr2_1_0       |    1 |
| bd_22c0_fanout_aresetn_ctrl_slr1_4_0       |    1 |
| bd_22c0_fanout_aresetn_ctrl_slr1_3_0       |    1 |
| bd_22c0_fanout_aresetn_ctrl_slr1_2_0       |    1 |
| bd_22c0_fanout_aresetn_ctrl_slr1_1_0       |    1 |
| bd_22c0_fanout_aresetn_ctrl_slr0_4_0       |    1 |
| bd_22c0_fanout_aresetn_ctrl_slr0_3_0       |    1 |
| bd_22c0_fanout_aresetn_ctrl_slr0_2_0       |    1 |
| bd_22c0_fanout_aresetn_ctrl_slr0_1_0       |    1 |
| bd_22c0_clock_throttling_avg_0             |    1 |
| bd_22c0_clock_throttling_aclk_kernel_01_0  |    1 |
| bd_22c0_clock_throttling_aclk_kernel_00_0  |    1 |
| bd_22c0_clock_shutdown_latch_0             |    1 |
| bd_22c0_clkwiz_hbm_0                       |    1 |
| bd_22c0_clkwiz_aclk_kernel_01_0            |    1 |
| bd_22c0_clkwiz_aclk_kernel_00_0            |    1 |
| bd_22c0_clk_hbm_adapt_0                    |    1 |
| bd_22c0_build_info_0                       |    1 |
| bd_22c0_auto_cc_0                          |    1 |
| bd_22c0_aclk_kernel_01_cont_adapt_0        |    1 |
| bd_22c0_aclk_kernel_01_adapt_0             |    1 |
| bd_22c0_aclk_kernel_00_cont_adapt_0        |    1 |
| bd_22c0_aclk_kernel_00_adapt_0             |    1 |
| bd_097b_user_debug_hub_0                   |    1 |
| bd_097b_user_debug_bridge_0                |    1 |
| bd_097b_build_info_0                       |    1 |
+--------------------------------------------+------+


12. SLR Connectivity
--------------------

+----------------------------------+-------+-------+-----------+-------+
|                                  |  Used | Fixed | Available | Util% |
+----------------------------------+-------+-------+-----------+-------+
| SLR2 <-> SLR1                    | 14530 |       |     23040 | 63.06 |
|   SLR1 -> SLR2                   |  8507 |       |           | 36.92 |
|     Using TX_REG only            |     0 |     0 |           |       |
|     Using RX_REG only            |     0 |     0 |           |       |
|     Using Both TX_REG and RX_REG |     0 |     0 |           |       |
|   SLR2 -> SLR1                   |  6023 |       |           | 26.14 |
|     Using TX_REG only            |     0 |     0 |           |       |
|     Using RX_REG only            |     0 |     0 |           |       |
|     Using Both TX_REG and RX_REG |     0 |     0 |           |       |
| SLR1 <-> SLR0                    | 21677 |       |     23040 | 94.08 |
|   SLR0 -> SLR1                   | 14662 |       |           | 63.64 |
|     Using TX_REG only            |     0 |     0 |           |       |
|     Using RX_REG only            |     0 |     0 |           |       |
|     Using Both TX_REG and RX_REG |     0 |     0 |           |       |
|   SLR1 -> SLR0                   |  7015 |       |           | 30.45 |
|     Using TX_REG only            |     0 |     0 |           |       |
|     Using RX_REG only            |     0 |     0 |           |       |
|     Using Both TX_REG and RX_REG |     0 |     0 |           |       |
+----------------------------------+-------+-------+-----------+-------+
| Total SLLs Used                  | 36207 |       |           |       |
+----------------------------------+-------+-------+-----------+-------+


13. SLR Connectivity Matrix
---------------------------

+-----------+------+-------+------+
| FROM \ TO | SLR2 |  SLR1 | SLR0 |
+-----------+------+-------+------+
| SLR2      |    0 |  5842 |  181 |
| SLR1      | 8394 |     0 | 6834 |
| SLR0      |  113 | 14549 |    0 |
+-----------+------+-------+------+


14. SLR CLB Logic and Dedicated Block Utilization
-------------------------------------------------

+----------------------------+--------+--------+--------+--------+--------+--------+
|          Site Type         |  SLR0  |  SLR1  |  SLR2  | SLR0 % | SLR1 % | SLR2 % |
+----------------------------+--------+--------+--------+--------+--------+--------+
| CLB                        |  51847 |  48849 |  35138 |  94.34 |  90.46 |  65.07 |
|   CLBL                     |  27376 |  26227 |  18512 |  93.50 |  89.57 |  63.22 |
|   CLBM                     |  24471 |  22622 |  16626 |  95.29 |  91.51 |  67.26 |
| CLB LUTs                   | 277585 | 274629 | 164500 |  63.13 |  63.57 |  38.08 |
|   LUT as Logic             | 188292 | 210549 | 129571 |  42.82 |  48.74 |  29.99 |
|     using O5 output only   |   3916 |   2710 |   1583 |   0.89 |   0.63 |   0.37 |
|     using O6 output only   | 103980 | 107608 |  58133 |  23.65 |  24.91 |  13.46 |
|     using O5 and O6        |  80396 | 100231 |  69855 |  18.29 |  23.20 |  16.17 |
|   LUT as Memory            |  89293 |  64080 |  34929 |  43.46 |  32.40 |  17.66 |
|     LUT as Distributed RAM |  19634 |   6286 |   2200 |   9.56 |   3.18 |   1.11 |
|       using O5 output only |      0 |      0 |      0 |   0.00 |   0.00 |   0.00 |
|       using O6 output only |    336 |    386 |      0 |   0.16 |   0.20 |   0.00 |
|       using O5 and O6      |  19298 |   5900 |   2200 |   9.39 |   2.98 |   1.11 |
|     LUT as Shift Register  |  69659 |  57794 |  32729 |  33.91 |  29.22 |  16.55 |
|       using O5 output only |      2 |      0 |      0 |  <0.01 |   0.00 |   0.00 |
|       using O6 output only |  51899 |  29190 |  12940 |  25.26 |  14.76 |   6.54 |
|       using O5 and O6      |  17758 |  28604 |  19789 |   8.64 |  14.46 |  10.01 |
| CLB Registers              | 287399 | 254186 | 144086 |  32.68 |  29.42 |  16.68 |
| CARRY8                     |   5269 |   5439 |   2993 |   9.59 |  10.07 |   5.54 |
| F7 Muxes                   |  28680 |  12927 |   7747 |  13.05 |   5.98 |   3.59 |
| F8 Muxes                   |   3087 |   4719 |   2656 |   2.81 |   4.37 |   2.46 |
| F9 Muxes                   |      0 |      0 |      0 |   0.00 |   0.00 |   0.00 |
| Block RAM Tile             |  515.5 |    498 |    466 |  76.71 |  74.11 |  69.35 |
|   RAMB36/FIFO              |    514 |    497 |    466 |  76.49 |  73.96 |  69.35 |
|   RAMB18                   |      3 |      2 |      0 |   0.22 |   0.15 |   0.00 |
| URAM                       |     56 |    172 |     92 |  17.50 |  53.75 |  28.75 |
| DSPs                       |    626 |    758 |    482 |  21.74 |  24.67 |  15.69 |
| Unique Control Sets        |   8581 |   9626 |   4871 |   7.81 |   8.91 |   4.51 |
+----------------------------+--------+--------+--------+--------+--------+--------+
* Note: Available Control Sets based on CLB Registers / 8


15. SLR IO Utilization
----------------------

+-----------+-----------+---------+------------+----------+------------+----------+-----+
| SLR Index | Used IOBs | (%)IOBs | Used IPADs | (%)IPADs | Used OPADs | (%)OPADs | GTs |
+-----------+-----------+---------+------------+----------+------------+----------+-----+
| SLR2      |        15 |    7.21 |          0 |     0.00 |          0 |     0.00 |   0 |
| SLR1      |         0 |    0.00 |          0 |     0.00 |          0 |     0.00 |   0 |
| SLR0      |         1 |    0.48 |          0 |     0.00 |          0 |     0.00 |  16 |
+-----------+-----------+---------+------------+----------+------------+----------+-----+
| Total     |        16 |         |          0 |          |          0 |          |  16 |
+-----------+-----------+---------+------------+----------+------------+----------+-----+


